<?xml version="1.0" encoding="UTF-8"?>
<!-- Generated by org.testng.reporters.JUnitXMLReporter -->
<testsuite hostname="LAPTOP-SMC8HIAI" ignored="0" name="Default test" tests="3" failures="0" timestamp="2021-07-06T09:37:13 IST" time="63.653" errors="0">
  <testcase name="getTheOptionsOfFirstDropdown" time="6.65" classname="testpackage.TestActiTimeSettingsDropdowns"/>
  <testcase name="getTheOptionsOfSecondDropdown" time="3.607" classname="testpackage.TestActiTimeSettingsDropdowns"/>
  <testcase name="getTheOptionsOfThirdDropdown" time="2.959" classname="testpackage.TestActiTimeSettingsDropdowns"/>
</testsuite> <!-- Default test -->
